2023-08-15 08:56:30.916 [background-preinit] WARN  o.s.h.converter.json.Jackson2ObjectMapperBuilder - For Jackson Kotlin classes support please add "com.fasterxml.jackson.module:jackson-module-kotlin" to the classpath
2023-08-15 15:35:53.911 [http-nio-8201-exec-7] WARN  o.s.w.s.m.m.a.ExceptionHandlerExceptionResolver - Resolved [org.springframework.dao.DataIntegrityViolationException: 
### Error updating database.  Cause: com.mysql.jdbc.MysqlDataTruncation: Data truncation: Data too long for column 'contacts_phone' at row 1
### The error may exist in com/bryant/hosp/mapper/HospitalSetMapper.java (best guess)
### The error may involve com.bryant.hosp.mapper.HospitalSetMapper.insert-Inline
### The error occurred while setting parameters
### SQL: INSERT INTO hospital_set  ( hosname, hoscode, api_url, sign_key, contacts_name, contacts_phone, status )  VALUES  ( ?, ?, ?, ?, ?, ?, ? )
### Cause: com.mysql.jdbc.MysqlDataTruncation: Data truncation: Data too long for column 'contacts_phone' at row 1
; Data truncation: Data too long for column 'contacts_phone' at row 1; nested exception is com.mysql.jdbc.MysqlDataTruncation: Data truncation: Data too long for column 'contacts_phone' at row 1]
2023-08-15 15:35:59.304 [http-nio-8201-exec-8] WARN  o.s.w.s.m.m.a.ExceptionHandlerExceptionResolver - Resolved [org.springframework.dao.DataIntegrityViolationException: 
### Error updating database.  Cause: com.mysql.jdbc.MysqlDataTruncation: Data truncation: Data too long for column 'contacts_phone' at row 1
### The error may exist in com/bryant/hosp/mapper/HospitalSetMapper.java (best guess)
### The error may involve com.bryant.hosp.mapper.HospitalSetMapper.insert-Inline
### The error occurred while setting parameters
### SQL: INSERT INTO hospital_set  ( hosname, hoscode, api_url, sign_key, contacts_name, contacts_phone, status )  VALUES  ( ?, ?, ?, ?, ?, ?, ? )
### Cause: com.mysql.jdbc.MysqlDataTruncation: Data truncation: Data too long for column 'contacts_phone' at row 1
; Data truncation: Data too long for column 'contacts_phone' at row 1; nested exception is com.mysql.jdbc.MysqlDataTruncation: Data truncation: Data too long for column 'contacts_phone' at row 1]
2023-08-15 15:36:13.454 [http-nio-8201-exec-9] WARN  o.s.w.s.m.m.a.ExceptionHandlerExceptionResolver - Resolved [org.springframework.dao.DataIntegrityViolationException: 
### Error updating database.  Cause: com.mysql.jdbc.MysqlDataTruncation: Data truncation: Data too long for column 'contacts_phone' at row 1
### The error may exist in com/bryant/hosp/mapper/HospitalSetMapper.java (best guess)
### The error may involve com.bryant.hosp.mapper.HospitalSetMapper.insert-Inline
### The error occurred while setting parameters
### SQL: INSERT INTO hospital_set  ( hosname, hoscode, api_url, sign_key, contacts_name, contacts_phone, status )  VALUES  ( ?, ?, ?, ?, ?, ?, ? )
### Cause: com.mysql.jdbc.MysqlDataTruncation: Data truncation: Data too long for column 'contacts_phone' at row 1
; Data truncation: Data too long for column 'contacts_phone' at row 1; nested exception is com.mysql.jdbc.MysqlDataTruncation: Data truncation: Data too long for column 'contacts_phone' at row 1]
2023-08-15 15:38:51.278 [http-nio-8201-exec-1] WARN  o.s.w.s.m.m.a.ExceptionHandlerExceptionResolver - Resolved [org.springframework.dao.DataIntegrityViolationException: 
### Error updating database.  Cause: com.mysql.jdbc.MysqlDataTruncation: Data truncation: Data too long for column 'contacts_phone' at row 1
### The error may exist in com/bryant/hosp/mapper/HospitalSetMapper.java (best guess)
### The error may involve com.bryant.hosp.mapper.HospitalSetMapper.insert-Inline
### The error occurred while setting parameters
### SQL: INSERT INTO hospital_set  ( hosname, hoscode, api_url, sign_key, contacts_name, contacts_phone, status )  VALUES  ( ?, ?, ?, ?, ?, ?, ? )
### Cause: com.mysql.jdbc.MysqlDataTruncation: Data truncation: Data too long for column 'contacts_phone' at row 1
; Data truncation: Data too long for column 'contacts_phone' at row 1; nested exception is com.mysql.jdbc.MysqlDataTruncation: Data truncation: Data too long for column 'contacts_phone' at row 1]
2023-08-15 15:38:52.293 [http-nio-8201-exec-2] WARN  o.s.w.s.m.m.a.ExceptionHandlerExceptionResolver - Resolved [org.springframework.dao.DataIntegrityViolationException: 
### Error updating database.  Cause: com.mysql.jdbc.MysqlDataTruncation: Data truncation: Data too long for column 'contacts_phone' at row 1
### The error may exist in com/bryant/hosp/mapper/HospitalSetMapper.java (best guess)
### The error may involve com.bryant.hosp.mapper.HospitalSetMapper.insert-Inline
### The error occurred while setting parameters
### SQL: INSERT INTO hospital_set  ( hosname, hoscode, api_url, sign_key, contacts_name, contacts_phone, status )  VALUES  ( ?, ?, ?, ?, ?, ?, ? )
### Cause: com.mysql.jdbc.MysqlDataTruncation: Data truncation: Data too long for column 'contacts_phone' at row 1
; Data truncation: Data too long for column 'contacts_phone' at row 1; nested exception is com.mysql.jdbc.MysqlDataTruncation: Data truncation: Data too long for column 'contacts_phone' at row 1]
2023-08-15 15:38:52.452 [http-nio-8201-exec-3] WARN  o.s.w.s.m.m.a.ExceptionHandlerExceptionResolver - Resolved [org.springframework.dao.DataIntegrityViolationException: 
### Error updating database.  Cause: com.mysql.jdbc.MysqlDataTruncation: Data truncation: Data too long for column 'contacts_phone' at row 1
### The error may exist in com/bryant/hosp/mapper/HospitalSetMapper.java (best guess)
### The error may involve com.bryant.hosp.mapper.HospitalSetMapper.insert-Inline
### The error occurred while setting parameters
### SQL: INSERT INTO hospital_set  ( hosname, hoscode, api_url, sign_key, contacts_name, contacts_phone, status )  VALUES  ( ?, ?, ?, ?, ?, ?, ? )
### Cause: com.mysql.jdbc.MysqlDataTruncation: Data truncation: Data too long for column 'contacts_phone' at row 1
; Data truncation: Data too long for column 'contacts_phone' at row 1; nested exception is com.mysql.jdbc.MysqlDataTruncation: Data truncation: Data too long for column 'contacts_phone' at row 1]
2023-08-15 15:38:52.599 [http-nio-8201-exec-4] WARN  o.s.w.s.m.m.a.ExceptionHandlerExceptionResolver - Resolved [org.springframework.dao.DataIntegrityViolationException: 
### Error updating database.  Cause: com.mysql.jdbc.MysqlDataTruncation: Data truncation: Data too long for column 'contacts_phone' at row 1
### The error may exist in com/bryant/hosp/mapper/HospitalSetMapper.java (best guess)
### The error may involve com.bryant.hosp.mapper.HospitalSetMapper.insert-Inline
### The error occurred while setting parameters
### SQL: INSERT INTO hospital_set  ( hosname, hoscode, api_url, sign_key, contacts_name, contacts_phone, status )  VALUES  ( ?, ?, ?, ?, ?, ?, ? )
### Cause: com.mysql.jdbc.MysqlDataTruncation: Data truncation: Data too long for column 'contacts_phone' at row 1
; Data truncation: Data too long for column 'contacts_phone' at row 1; nested exception is com.mysql.jdbc.MysqlDataTruncation: Data truncation: Data too long for column 'contacts_phone' at row 1]
2023-08-15 15:39:08.798 [http-nio-8201-exec-5] WARN  o.s.w.s.m.m.a.ExceptionHandlerExceptionResolver - Resolved [org.springframework.dao.DataIntegrityViolationException: 
### Error updating database.  Cause: com.mysql.jdbc.MysqlDataTruncation: Data truncation: Data too long for column 'contacts_phone' at row 1
### The error may exist in com/bryant/hosp/mapper/HospitalSetMapper.java (best guess)
### The error may involve com.bryant.hosp.mapper.HospitalSetMapper.insert-Inline
### The error occurred while setting parameters
### SQL: INSERT INTO hospital_set  ( hosname, hoscode, api_url, sign_key, contacts_name, contacts_phone, status )  VALUES  ( ?, ?, ?, ?, ?, ?, ? )
### Cause: com.mysql.jdbc.MysqlDataTruncation: Data truncation: Data too long for column 'contacts_phone' at row 1
; Data truncation: Data too long for column 'contacts_phone' at row 1; nested exception is com.mysql.jdbc.MysqlDataTruncation: Data truncation: Data too long for column 'contacts_phone' at row 1]
