2023-08-15 08:56:31.070 [restartedMain] INFO  com.bryant.hosp.ServiceHospApplication - Starting ServiceHospApplication on WIN-LPENM40T6V7 with PID 5424 (F:\wenwenFile\springbootProject\newCode\yygh-parent\service\service-hosp\target\classes started by Administrator in F:\wenwenFile\springbootProject\newCode\yygh-parent)
2023-08-15 08:56:31.072 [restartedMain] INFO  com.bryant.hosp.ServiceHospApplication - The following profiles are active: dev
2023-08-15 08:56:31.157 [restartedMain] INFO  o.s.boot.devtools.restart.ChangeableUrls - The Class-Path manifest attribute in D:\maven\repository\org\glassfish\jaxb\jaxb-runtime\2.3.2\jaxb-runtime-2.3.2.jar referenced one or more files that do not exist: file:/D:/maven/repository/org/glassfish/jaxb/jaxb-runtime/2.3.2/jakarta.xml.bind-api-2.3.2.jar,file:/D:/maven/repository/org/glassfish/jaxb/jaxb-runtime/2.3.2/txw2-2.3.2.jar,file:/D:/maven/repository/org/glassfish/jaxb/jaxb-runtime/2.3.2/istack-commons-runtime-3.0.8.jar,file:/D:/maven/repository/org/glassfish/jaxb/jaxb-runtime/2.3.2/stax-ex-1.8.1.jar,file:/D:/maven/repository/org/glassfish/jaxb/jaxb-runtime/2.3.2/FastInfoset-1.2.16.jar,file:/D:/maven/repository/org/glassfish/jaxb/jaxb-runtime/2.3.2/jakarta.activation-api-1.2.1.jar
2023-08-15 08:56:31.173 [restartedMain] INFO  o.s.b.d.env.DevToolsPropertyDefaultsPostProcessor - Devtools property defaults active! Set 'spring.devtools.add-properties' to 'false' to disable
2023-08-15 08:56:31.175 [restartedMain] INFO  o.s.b.d.env.DevToolsPropertyDefaultsPostProcessor - For additional web related logging consider setting the 'logging.level.web' property to 'DEBUG'
2023-08-15 08:56:34.087 [restartedMain] INFO  o.s.d.r.config.RepositoryConfigurationDelegate - Multiple Spring Data modules found, entering strict repository configuration mode!
2023-08-15 08:56:34.101 [restartedMain] INFO  o.s.d.r.config.RepositoryConfigurationDelegate - Bootstrapping Spring Data repositories in DEFAULT mode.
2023-08-15 08:56:34.176 [restartedMain] INFO  o.s.d.r.config.RepositoryConfigurationDelegate - Finished Spring Data repository scanning in 46ms. Found 0 repository interfaces.
2023-08-15 08:56:35.072 [restartedMain] INFO  o.s.c.s.PostProcessorRegistrationDelegate$BeanPostProcessorChecker - Bean 'org.springframework.transaction.annotation.ProxyTransactionManagementConfiguration' of type [org.springframework.transaction.annotation.ProxyTransactionManagementConfiguration] is not eligible for getting processed by all BeanPostProcessors (for example: not eligible for auto-proxying)
2023-08-15 08:56:35.690 [restartedMain] INFO  o.s.boot.web.embedded.tomcat.TomcatWebServer - Tomcat initialized with port(s): 8201 (http)
2023-08-15 08:56:35.703 [restartedMain] INFO  org.apache.coyote.http11.Http11NioProtocol - Initializing ProtocolHandler ["http-nio-8201"]
2023-08-15 08:56:35.704 [restartedMain] INFO  org.apache.catalina.core.StandardService - Starting service [Tomcat]
2023-08-15 08:56:35.705 [restartedMain] INFO  org.apache.catalina.core.StandardEngine - Starting Servlet engine: [Apache Tomcat/9.0.27]
2023-08-15 08:56:35.954 [restartedMain] INFO  o.a.c.core.ContainerBase.[Tomcat].[localhost].[/] - Initializing Spring embedded WebApplicationContext
2023-08-15 08:56:35.954 [restartedMain] INFO  org.springframework.web.context.ContextLoader - Root WebApplicationContext: initialization completed in 4779 ms
2023-08-15 08:56:39.549 [restartedMain] INFO  s.d.s.w.WebMvcPropertySourcedRequestMappingHandlerMapping - Mapped URL path [/v2/api-docs] onto method [springfox.documentation.swagger2.web.Swagger2ControllerWebMvc#getDocumentation(String, HttpServletRequest)]
2023-08-15 08:56:39.737 [restartedMain] INFO  o.s.scheduling.concurrent.ThreadPoolTaskExecutor - Initializing ExecutorService 'applicationTaskExecutor'
2023-08-15 08:56:39.803 [restartedMain] INFO  o.s.b.d.autoconfigure.OptionalLiveReloadServer - LiveReload server is running on port 35729
2023-08-15 08:56:40.641 [restartedMain] INFO  s.d.s.web.plugins.DocumentationPluginsBootstrapper - Documentation plugins bootstrapped
2023-08-15 08:56:40.645 [restartedMain] INFO  s.d.s.web.plugins.DocumentationPluginsBootstrapper - Found 2 custom documentation plugin(s)
2023-08-15 08:56:40.703 [restartedMain] INFO  s.d.spring.web.scanners.ApiListingReferenceScanner - Scanning for api listing references
2023-08-15 08:56:41.029 [restartedMain] INFO  s.d.spring.web.scanners.ApiListingReferenceScanner - Scanning for api listing references
2023-08-15 08:56:41.069 [restartedMain] INFO  org.apache.coyote.http11.Http11NioProtocol - Starting ProtocolHandler ["http-nio-8201"]
2023-08-15 08:56:41.116 [restartedMain] INFO  o.s.boot.web.embedded.tomcat.TomcatWebServer - Tomcat started on port(s): 8201 (http) with context path ''
2023-08-15 08:56:41.120 [restartedMain] INFO  com.bryant.hosp.ServiceHospApplication - Started ServiceHospApplication in 11.617 seconds (JVM running for 16.488)
2023-08-15 09:03:50.009 [http-nio-8201-exec-1] INFO  o.a.c.core.ContainerBase.[Tomcat].[localhost].[/] - Initializing Spring DispatcherServlet 'dispatcherServlet'
2023-08-15 09:03:50.009 [http-nio-8201-exec-1] INFO  org.springframework.web.servlet.DispatcherServlet - Initializing Servlet 'dispatcherServlet'
2023-08-15 09:03:50.021 [http-nio-8201-exec-1] INFO  org.springframework.web.servlet.DispatcherServlet - Completed initialization in 12 ms
2023-08-15 09:03:50.184 [http-nio-8201-exec-1] INFO  com.bryant.hosp.controller.HospitalSetController - 分页查询接口调用09:03:50.184
2023-08-15 09:03:50.382 [http-nio-8201-exec-1] INFO  com.zaxxer.hikari.HikariDataSource - HikariPool-1 - Starting...
2023-08-15 09:03:50.677 [http-nio-8201-exec-1] INFO  com.zaxxer.hikari.HikariDataSource - HikariPool-1 - Start completed.
2023-08-15 09:15:20.188 [http-nio-8201-exec-3] INFO  com.bryant.hosp.controller.HospitalSetController - 分页查询接口调用09:15:20.188
2023-08-15 09:27:49.380 [http-nio-8201-exec-5] INFO  com.bryant.hosp.controller.HospitalSetController - 分页查询接口调用09:27:49.380
2023-08-15 09:36:44.130 [http-nio-8201-exec-8] INFO  com.bryant.hosp.controller.HospitalSetController - 分页查询接口调用09:36:44.130
2023-08-15 09:39:00.934 [http-nio-8201-exec-10] INFO  com.bryant.hosp.controller.HospitalSetController - 分页查询接口调用09:39:00.934
2023-08-15 09:42:21.722 [http-nio-8201-exec-4] INFO  com.bryant.hosp.controller.HospitalSetController - 分页查询接口调用09:42:21.722
2023-08-15 09:50:18.002 [http-nio-8201-exec-10] INFO  com.bryant.hosp.controller.HospitalSetController - 分页查询接口调用09:50:18.002
2023-08-15 09:57:50.719 [http-nio-8201-exec-5] INFO  com.bryant.hosp.controller.HospitalSetController - 分页查询接口调用09:57:50.719
2023-08-15 09:58:20.005 [http-nio-8201-exec-6] INFO  com.bryant.hosp.controller.HospitalSetController - 分页查询接口调用09:58:20.005
2023-08-15 09:59:14.166 [http-nio-8201-exec-7] INFO  com.bryant.hosp.controller.HospitalSetController - 分页查询接口调用09:59:14.166
2023-08-15 09:59:22.240 [http-nio-8201-exec-8] INFO  com.bryant.hosp.controller.HospitalSetController - 分页查询接口调用09:59:22.240
2023-08-15 09:59:24.656 [http-nio-8201-exec-10] INFO  com.bryant.hosp.controller.HospitalSetController - 分页查询接口调用09:59:24.656
2023-08-15 09:59:26.096 [http-nio-8201-exec-2] INFO  com.bryant.hosp.controller.HospitalSetController - 分页查询接口调用09:59:26.096
2023-08-15 09:59:27.261 [http-nio-8201-exec-4] INFO  com.bryant.hosp.controller.HospitalSetController - 分页查询接口调用09:59:27.261
2023-08-15 10:07:01.234 [http-nio-8201-exec-7] INFO  com.bryant.hosp.controller.HospitalSetController - 分页查询接口调用10:07:01.234
2023-08-15 10:07:02.597 [http-nio-8201-exec-9] INFO  com.bryant.hosp.controller.HospitalSetController - 分页查询接口调用10:07:02.597
2023-08-15 10:07:10.310 [http-nio-8201-exec-10] INFO  com.bryant.hosp.controller.HospitalSetController - 分页查询接口调用10:07:10.310
2023-08-15 10:07:12.205 [http-nio-8201-exec-2] INFO  com.bryant.hosp.controller.HospitalSetController - 分页查询接口调用10:07:12.205
2023-08-15 10:07:13.159 [http-nio-8201-exec-4] INFO  com.bryant.hosp.controller.HospitalSetController - 分页查询接口调用10:07:13.159
2023-08-15 10:07:58.810 [http-nio-8201-exec-5] INFO  com.bryant.hosp.controller.HospitalSetController - 分页查询接口调用10:07:58.810
2023-08-15 10:12:21.412 [http-nio-8201-exec-7] INFO  com.bryant.hosp.controller.HospitalSetController - 分页查询接口调用10:12:21.412
2023-08-15 10:13:10.431 [http-nio-8201-exec-10] INFO  com.bryant.hosp.controller.HospitalSetController - 分页查询接口调用10:13:10.430
2023-08-15 10:13:19.819 [http-nio-8201-exec-3] INFO  com.bryant.hosp.controller.HospitalSetController - 分页查询接口调用10:13:19.819
2023-08-15 10:13:47.425 [http-nio-8201-exec-4] INFO  com.bryant.hosp.controller.HospitalSetController - 分页查询接口调用10:13:47.425
2023-08-15 10:13:49.656 [http-nio-8201-exec-7] INFO  com.bryant.hosp.controller.HospitalSetController - 分页查询接口调用10:13:49.656
2023-08-15 10:13:51.619 [http-nio-8201-exec-10] INFO  com.bryant.hosp.controller.HospitalSetController - 分页查询接口调用10:13:51.619
2023-08-15 10:13:52.506 [http-nio-8201-exec-3] INFO  com.bryant.hosp.controller.HospitalSetController - 分页查询接口调用10:13:52.506
2023-08-15 10:13:53.426 [http-nio-8201-exec-6] INFO  com.bryant.hosp.controller.HospitalSetController - 分页查询接口调用10:13:53.426
2023-08-15 10:13:59.974 [http-nio-8201-exec-8] INFO  com.bryant.hosp.controller.HospitalSetController - 分页查询接口调用10:13:59.974
2023-08-15 10:14:00.353 [http-nio-8201-exec-10] INFO  com.bryant.hosp.controller.HospitalSetController - 分页查询接口调用10:14:00.353
2023-08-15 10:14:00.995 [http-nio-8201-exec-3] INFO  com.bryant.hosp.controller.HospitalSetController - 分页查询接口调用10:14:00.995
2023-08-15 10:14:05.012 [http-nio-8201-exec-5] INFO  com.bryant.hosp.controller.HospitalSetController - 分页查询接口调用10:14:05.012
2023-08-15 10:14:05.567 [http-nio-8201-exec-7] INFO  com.bryant.hosp.controller.HospitalSetController - 分页查询接口调用10:14:05.567
2023-08-15 10:14:06.264 [http-nio-8201-exec-9] INFO  com.bryant.hosp.controller.HospitalSetController - 分页查询接口调用10:14:06.264
