2023-08-14 15:45:54.152 [restartedMain] INFO  com.bryant.hosp.ServiceHospApplication - Starting ServiceHospApplication on WIN-LPENM40T6V7 with PID 14588 (F:\wenwenFile\springbootProject\newCode\yygh-parent\service\service-hosp\target\classes started by Administrator in F:\wenwenFile\springbootProject\newCode\yygh-parent)
2023-08-14 15:45:54.156 [restartedMain] INFO  com.bryant.hosp.ServiceHospApplication - The following profiles are active: dev
2023-08-14 15:45:54.248 [restartedMain] INFO  o.s.boot.devtools.restart.ChangeableUrls - The Class-Path manifest attribute in D:\maven\repository\org\glassfish\jaxb\jaxb-runtime\2.3.2\jaxb-runtime-2.3.2.jar referenced one or more files that do not exist: file:/D:/maven/repository/org/glassfish/jaxb/jaxb-runtime/2.3.2/jakarta.xml.bind-api-2.3.2.jar,file:/D:/maven/repository/org/glassfish/jaxb/jaxb-runtime/2.3.2/txw2-2.3.2.jar,file:/D:/maven/repository/org/glassfish/jaxb/jaxb-runtime/2.3.2/istack-commons-runtime-3.0.8.jar,file:/D:/maven/repository/org/glassfish/jaxb/jaxb-runtime/2.3.2/stax-ex-1.8.1.jar,file:/D:/maven/repository/org/glassfish/jaxb/jaxb-runtime/2.3.2/FastInfoset-1.2.16.jar,file:/D:/maven/repository/org/glassfish/jaxb/jaxb-runtime/2.3.2/jakarta.activation-api-1.2.1.jar
2023-08-14 15:45:54.249 [restartedMain] INFO  o.s.b.d.env.DevToolsPropertyDefaultsPostProcessor - Devtools property defaults active! Set 'spring.devtools.add-properties' to 'false' to disable
2023-08-14 15:45:54.250 [restartedMain] INFO  o.s.b.d.env.DevToolsPropertyDefaultsPostProcessor - For additional web related logging consider setting the 'logging.level.web' property to 'DEBUG'
2023-08-14 15:45:57.094 [restartedMain] INFO  o.s.d.r.config.RepositoryConfigurationDelegate - Multiple Spring Data modules found, entering strict repository configuration mode!
2023-08-14 15:45:57.099 [restartedMain] INFO  o.s.d.r.config.RepositoryConfigurationDelegate - Bootstrapping Spring Data repositories in DEFAULT mode.
2023-08-14 15:45:57.155 [restartedMain] INFO  o.s.d.r.config.RepositoryConfigurationDelegate - Finished Spring Data repository scanning in 28ms. Found 0 repository interfaces.
2023-08-14 15:45:57.962 [restartedMain] INFO  o.s.c.s.PostProcessorRegistrationDelegate$BeanPostProcessorChecker - Bean 'org.springframework.transaction.annotation.ProxyTransactionManagementConfiguration' of type [org.springframework.transaction.annotation.ProxyTransactionManagementConfiguration] is not eligible for getting processed by all BeanPostProcessors (for example: not eligible for auto-proxying)
2023-08-14 15:45:58.625 [restartedMain] INFO  o.s.boot.web.embedded.tomcat.TomcatWebServer - Tomcat initialized with port(s): 8201 (http)
2023-08-14 15:45:58.639 [restartedMain] INFO  org.apache.coyote.http11.Http11NioProtocol - Initializing ProtocolHandler ["http-nio-8201"]
2023-08-14 15:45:58.640 [restartedMain] INFO  org.apache.catalina.core.StandardService - Starting service [Tomcat]
2023-08-14 15:45:58.641 [restartedMain] INFO  org.apache.catalina.core.StandardEngine - Starting Servlet engine: [Apache Tomcat/9.0.27]
2023-08-14 15:45:58.905 [restartedMain] INFO  o.a.c.core.ContainerBase.[Tomcat].[localhost].[/] - Initializing Spring embedded WebApplicationContext
2023-08-14 15:45:58.905 [restartedMain] INFO  org.springframework.web.context.ContextLoader - Root WebApplicationContext: initialization completed in 4654 ms
2023-08-14 15:46:02.158 [restartedMain] INFO  s.d.s.w.WebMvcPropertySourcedRequestMappingHandlerMapping - Mapped URL path [/v2/api-docs] onto method [springfox.documentation.swagger2.web.Swagger2ControllerWebMvc#getDocumentation(String, HttpServletRequest)]
2023-08-14 15:46:02.340 [restartedMain] INFO  o.s.scheduling.concurrent.ThreadPoolTaskExecutor - Initializing ExecutorService 'applicationTaskExecutor'
2023-08-14 15:46:02.441 [restartedMain] INFO  o.s.b.d.autoconfigure.OptionalLiveReloadServer - LiveReload server is running on port 35729
2023-08-14 15:46:03.375 [restartedMain] INFO  s.d.s.web.plugins.DocumentationPluginsBootstrapper - Documentation plugins bootstrapped
2023-08-14 15:46:03.381 [restartedMain] INFO  s.d.s.web.plugins.DocumentationPluginsBootstrapper - Found 2 custom documentation plugin(s)
2023-08-14 15:46:03.446 [restartedMain] INFO  s.d.spring.web.scanners.ApiListingReferenceScanner - Scanning for api listing references
2023-08-14 15:46:03.742 [restartedMain] INFO  s.d.spring.web.scanners.ApiListingReferenceScanner - Scanning for api listing references
2023-08-14 15:46:03.805 [restartedMain] INFO  org.apache.coyote.http11.Http11NioProtocol - Starting ProtocolHandler ["http-nio-8201"]
2023-08-14 15:46:03.854 [restartedMain] INFO  o.s.boot.web.embedded.tomcat.TomcatWebServer - Tomcat started on port(s): 8201 (http) with context path ''
2023-08-14 15:46:03.861 [restartedMain] INFO  com.bryant.hosp.ServiceHospApplication - Started ServiceHospApplication in 11.355 seconds (JVM running for 16.299)
2023-08-14 16:07:22.496 [http-nio-8201-exec-1] INFO  o.a.c.core.ContainerBase.[Tomcat].[localhost].[/] - Initializing Spring DispatcherServlet 'dispatcherServlet'
2023-08-14 16:07:22.497 [http-nio-8201-exec-1] INFO  org.springframework.web.servlet.DispatcherServlet - Initializing Servlet 'dispatcherServlet'
2023-08-14 16:07:22.507 [http-nio-8201-exec-1] INFO  org.springframework.web.servlet.DispatcherServlet - Completed initialization in 10 ms
2023-08-14 16:07:22.638 [http-nio-8201-exec-1] INFO  com.bryant.hosp.controller.HospitalSetController - 分页查询接口调用16:07:22.638
2023-08-14 16:07:49.951 [http-nio-8201-exec-2] INFO  com.bryant.hosp.controller.HospitalSetController - 分页查询接口调用16:07:49.951
2023-08-14 16:13:28.858 [http-nio-8201-exec-3] INFO  com.bryant.hosp.controller.HospitalSetController - 分页查询接口调用16:13:28.858
2023-08-14 16:13:29.033 [http-nio-8201-exec-3] INFO  com.zaxxer.hikari.HikariDataSource - HikariPool-1 - Starting...
2023-08-14 16:13:29.338 [http-nio-8201-exec-3] INFO  com.zaxxer.hikari.HikariDataSource - HikariPool-1 - Start completed.
2023-08-14 16:31:06.108 [SpringContextShutdownHook] INFO  o.s.scheduling.concurrent.ThreadPoolTaskExecutor - Shutting down ExecutorService 'applicationTaskExecutor'
2023-08-14 16:31:06.112 [SpringContextShutdownHook] INFO  com.zaxxer.hikari.HikariDataSource - HikariPool-1 - Shutdown initiated...
2023-08-14 16:31:06.127 [SpringContextShutdownHook] INFO  com.zaxxer.hikari.HikariDataSource - HikariPool-1 - Shutdown completed.
2023-08-14 16:31:20.807 [restartedMain] INFO  com.bryant.hosp.ServiceHospApplication - Starting ServiceHospApplication on WIN-LPENM40T6V7 with PID 1180 (F:\wenwenFile\springbootProject\newCode\yygh-parent\service\service-hosp\target\classes started by Administrator in F:\wenwenFile\springbootProject\newCode\yygh-parent)
2023-08-14 16:31:20.808 [restartedMain] INFO  com.bryant.hosp.ServiceHospApplication - The following profiles are active: dev
2023-08-14 16:31:20.919 [restartedMain] INFO  o.s.boot.devtools.restart.ChangeableUrls - The Class-Path manifest attribute in D:\maven\repository\org\glassfish\jaxb\jaxb-runtime\2.3.2\jaxb-runtime-2.3.2.jar referenced one or more files that do not exist: file:/D:/maven/repository/org/glassfish/jaxb/jaxb-runtime/2.3.2/jakarta.xml.bind-api-2.3.2.jar,file:/D:/maven/repository/org/glassfish/jaxb/jaxb-runtime/2.3.2/txw2-2.3.2.jar,file:/D:/maven/repository/org/glassfish/jaxb/jaxb-runtime/2.3.2/istack-commons-runtime-3.0.8.jar,file:/D:/maven/repository/org/glassfish/jaxb/jaxb-runtime/2.3.2/stax-ex-1.8.1.jar,file:/D:/maven/repository/org/glassfish/jaxb/jaxb-runtime/2.3.2/FastInfoset-1.2.16.jar,file:/D:/maven/repository/org/glassfish/jaxb/jaxb-runtime/2.3.2/jakarta.activation-api-1.2.1.jar
2023-08-14 16:31:20.921 [restartedMain] INFO  o.s.b.d.env.DevToolsPropertyDefaultsPostProcessor - Devtools property defaults active! Set 'spring.devtools.add-properties' to 'false' to disable
2023-08-14 16:31:20.922 [restartedMain] INFO  o.s.b.d.env.DevToolsPropertyDefaultsPostProcessor - For additional web related logging consider setting the 'logging.level.web' property to 'DEBUG'
2023-08-14 16:31:23.120 [restartedMain] INFO  o.s.d.r.config.RepositoryConfigurationDelegate - Multiple Spring Data modules found, entering strict repository configuration mode!
2023-08-14 16:31:23.124 [restartedMain] INFO  o.s.d.r.config.RepositoryConfigurationDelegate - Bootstrapping Spring Data repositories in DEFAULT mode.
2023-08-14 16:31:23.167 [restartedMain] INFO  o.s.d.r.config.RepositoryConfigurationDelegate - Finished Spring Data repository scanning in 24ms. Found 0 repository interfaces.
2023-08-14 16:31:23.659 [restartedMain] INFO  o.s.c.s.PostProcessorRegistrationDelegate$BeanPostProcessorChecker - Bean 'org.springframework.transaction.annotation.ProxyTransactionManagementConfiguration' of type [org.springframework.transaction.annotation.ProxyTransactionManagementConfiguration] is not eligible for getting processed by all BeanPostProcessors (for example: not eligible for auto-proxying)
2023-08-14 16:31:24.536 [restartedMain] INFO  o.s.boot.web.embedded.tomcat.TomcatWebServer - Tomcat initialized with port(s): 8201 (http)
2023-08-14 16:31:24.559 [restartedMain] INFO  org.apache.coyote.http11.Http11NioProtocol - Initializing ProtocolHandler ["http-nio-8201"]
2023-08-14 16:31:24.561 [restartedMain] INFO  org.apache.catalina.core.StandardService - Starting service [Tomcat]
2023-08-14 16:31:24.562 [restartedMain] INFO  org.apache.catalina.core.StandardEngine - Starting Servlet engine: [Apache Tomcat/9.0.27]
2023-08-14 16:31:24.987 [restartedMain] INFO  o.a.c.core.ContainerBase.[Tomcat].[localhost].[/] - Initializing Spring embedded WebApplicationContext
2023-08-14 16:31:24.990 [restartedMain] INFO  org.springframework.web.context.ContextLoader - Root WebApplicationContext: initialization completed in 4068 ms
2023-08-14 16:31:29.807 [restartedMain] INFO  s.d.s.w.WebMvcPropertySourcedRequestMappingHandlerMapping - Mapped URL path [/v2/api-docs] onto method [springfox.documentation.swagger2.web.Swagger2ControllerWebMvc#getDocumentation(String, HttpServletRequest)]
2023-08-14 16:31:29.979 [restartedMain] INFO  o.s.scheduling.concurrent.ThreadPoolTaskExecutor - Initializing ExecutorService 'applicationTaskExecutor'
2023-08-14 16:31:30.034 [restartedMain] INFO  o.s.b.d.autoconfigure.OptionalLiveReloadServer - LiveReload server is running on port 35729
2023-08-14 16:31:30.587 [restartedMain] INFO  s.d.s.web.plugins.DocumentationPluginsBootstrapper - Documentation plugins bootstrapped
2023-08-14 16:31:30.591 [restartedMain] INFO  s.d.s.web.plugins.DocumentationPluginsBootstrapper - Found 2 custom documentation plugin(s)
2023-08-14 16:31:30.636 [restartedMain] INFO  s.d.spring.web.scanners.ApiListingReferenceScanner - Scanning for api listing references
2023-08-14 16:31:30.971 [restartedMain] INFO  s.d.spring.web.scanners.ApiListingReferenceScanner - Scanning for api listing references
2023-08-14 16:31:30.984 [restartedMain] INFO  org.apache.coyote.http11.Http11NioProtocol - Starting ProtocolHandler ["http-nio-8201"]
2023-08-14 16:31:31.028 [restartedMain] INFO  o.s.boot.web.embedded.tomcat.TomcatWebServer - Tomcat started on port(s): 8201 (http) with context path ''
2023-08-14 16:31:31.045 [restartedMain] INFO  com.bryant.hosp.ServiceHospApplication - Started ServiceHospApplication in 11.327 seconds (JVM running for 14.315)
2023-08-14 16:32:21.876 [http-nio-8201-exec-1] INFO  o.a.c.core.ContainerBase.[Tomcat].[localhost].[/] - Initializing Spring DispatcherServlet 'dispatcherServlet'
2023-08-14 16:32:21.877 [http-nio-8201-exec-1] INFO  org.springframework.web.servlet.DispatcherServlet - Initializing Servlet 'dispatcherServlet'
2023-08-14 16:32:21.889 [http-nio-8201-exec-1] INFO  org.springframework.web.servlet.DispatcherServlet - Completed initialization in 12 ms
2023-08-14 16:32:22.008 [http-nio-8201-exec-1] INFO  com.bryant.hosp.controller.HospitalSetController - 分页查询接口调用16:32:22.008
2023-08-14 16:32:22.200 [http-nio-8201-exec-1] INFO  com.zaxxer.hikari.HikariDataSource - HikariPool-1 - Starting...
2023-08-14 16:32:22.425 [http-nio-8201-exec-1] INFO  com.zaxxer.hikari.HikariDataSource - HikariPool-1 - Start completed.
2023-08-14 16:32:37.881 [http-nio-8201-exec-2] INFO  com.bryant.hosp.controller.HospitalSetController - 分页查询接口调用16:32:37.881
2023-08-14 16:33:01.731 [http-nio-8201-exec-4] INFO  com.bryant.hosp.controller.HospitalSetController - 分页查询接口调用16:33:01.731
2023-08-14 16:33:38.396 [http-nio-8201-exec-5] INFO  com.bryant.hosp.controller.HospitalSetController - 分页查询接口调用16:33:38.396
2023-08-14 16:33:48.737 [http-nio-8201-exec-6] INFO  com.bryant.hosp.controller.HospitalSetController - 分页查询接口调用16:33:48.737
2023-08-14 16:35:18.712 [SpringContextShutdownHook] INFO  o.s.scheduling.concurrent.ThreadPoolTaskExecutor - Shutting down ExecutorService 'applicationTaskExecutor'
2023-08-14 16:35:18.714 [SpringContextShutdownHook] INFO  com.zaxxer.hikari.HikariDataSource - HikariPool-1 - Shutdown initiated...
2023-08-14 16:35:18.728 [SpringContextShutdownHook] INFO  com.zaxxer.hikari.HikariDataSource - HikariPool-1 - Shutdown completed.
2023-08-14 16:35:32.809 [restartedMain] INFO  com.bryant.hosp.ServiceHospApplication - Starting ServiceHospApplication on WIN-LPENM40T6V7 with PID 16932 (F:\wenwenFile\springbootProject\newCode\yygh-parent\service\service-hosp\target\classes started by Administrator in F:\wenwenFile\springbootProject\newCode\yygh-parent)
2023-08-14 16:35:32.811 [restartedMain] INFO  com.bryant.hosp.ServiceHospApplication - The following profiles are active: dev
2023-08-14 16:35:33.170 [restartedMain] INFO  o.s.boot.devtools.restart.ChangeableUrls - The Class-Path manifest attribute in D:\maven\repository\org\glassfish\jaxb\jaxb-runtime\2.3.2\jaxb-runtime-2.3.2.jar referenced one or more files that do not exist: file:/D:/maven/repository/org/glassfish/jaxb/jaxb-runtime/2.3.2/jakarta.xml.bind-api-2.3.2.jar,file:/D:/maven/repository/org/glassfish/jaxb/jaxb-runtime/2.3.2/txw2-2.3.2.jar,file:/D:/maven/repository/org/glassfish/jaxb/jaxb-runtime/2.3.2/istack-commons-runtime-3.0.8.jar,file:/D:/maven/repository/org/glassfish/jaxb/jaxb-runtime/2.3.2/stax-ex-1.8.1.jar,file:/D:/maven/repository/org/glassfish/jaxb/jaxb-runtime/2.3.2/FastInfoset-1.2.16.jar,file:/D:/maven/repository/org/glassfish/jaxb/jaxb-runtime/2.3.2/jakarta.activation-api-1.2.1.jar
2023-08-14 16:35:33.171 [restartedMain] INFO  o.s.b.d.env.DevToolsPropertyDefaultsPostProcessor - Devtools property defaults active! Set 'spring.devtools.add-properties' to 'false' to disable
2023-08-14 16:35:33.174 [restartedMain] INFO  o.s.b.d.env.DevToolsPropertyDefaultsPostProcessor - For additional web related logging consider setting the 'logging.level.web' property to 'DEBUG'
2023-08-14 16:35:35.642 [restartedMain] INFO  o.s.d.r.config.RepositoryConfigurationDelegate - Multiple Spring Data modules found, entering strict repository configuration mode!
2023-08-14 16:35:35.647 [restartedMain] INFO  o.s.d.r.config.RepositoryConfigurationDelegate - Bootstrapping Spring Data repositories in DEFAULT mode.
2023-08-14 16:35:35.694 [restartedMain] INFO  o.s.d.r.config.RepositoryConfigurationDelegate - Finished Spring Data repository scanning in 25ms. Found 0 repository interfaces.
2023-08-14 16:35:36.555 [restartedMain] INFO  o.s.c.s.PostProcessorRegistrationDelegate$BeanPostProcessorChecker - Bean 'org.springframework.transaction.annotation.ProxyTransactionManagementConfiguration' of type [org.springframework.transaction.annotation.ProxyTransactionManagementConfiguration] is not eligible for getting processed by all BeanPostProcessors (for example: not eligible for auto-proxying)
2023-08-14 16:35:37.237 [restartedMain] INFO  o.s.boot.web.embedded.tomcat.TomcatWebServer - Tomcat initialized with port(s): 8201 (http)
2023-08-14 16:35:37.253 [restartedMain] INFO  org.apache.coyote.http11.Http11NioProtocol - Initializing ProtocolHandler ["http-nio-8201"]
2023-08-14 16:35:37.254 [restartedMain] INFO  org.apache.catalina.core.StandardService - Starting service [Tomcat]
2023-08-14 16:35:37.255 [restartedMain] INFO  org.apache.catalina.core.StandardEngine - Starting Servlet engine: [Apache Tomcat/9.0.27]
2023-08-14 16:35:37.528 [restartedMain] INFO  o.a.c.core.ContainerBase.[Tomcat].[localhost].[/] - Initializing Spring embedded WebApplicationContext
2023-08-14 16:35:37.529 [restartedMain] INFO  org.springframework.web.context.ContextLoader - Root WebApplicationContext: initialization completed in 4354 ms
2023-08-14 16:35:41.714 [restartedMain] INFO  s.d.s.w.WebMvcPropertySourcedRequestMappingHandlerMapping - Mapped URL path [/v2/api-docs] onto method [springfox.documentation.swagger2.web.Swagger2ControllerWebMvc#getDocumentation(String, HttpServletRequest)]
2023-08-14 16:35:41.959 [restartedMain] INFO  o.s.scheduling.concurrent.ThreadPoolTaskExecutor - Initializing ExecutorService 'applicationTaskExecutor'
2023-08-14 16:35:42.209 [restartedMain] INFO  o.s.b.d.autoconfigure.OptionalLiveReloadServer - LiveReload server is running on port 35729
2023-08-14 16:35:42.841 [restartedMain] INFO  s.d.s.web.plugins.DocumentationPluginsBootstrapper - Documentation plugins bootstrapped
2023-08-14 16:35:42.845 [restartedMain] INFO  s.d.s.web.plugins.DocumentationPluginsBootstrapper - Found 2 custom documentation plugin(s)
2023-08-14 16:35:42.885 [restartedMain] INFO  s.d.spring.web.scanners.ApiListingReferenceScanner - Scanning for api listing references
2023-08-14 16:35:43.099 [restartedMain] INFO  s.d.spring.web.scanners.ApiListingReferenceScanner - Scanning for api listing references
2023-08-14 16:35:43.111 [restartedMain] INFO  org.apache.coyote.http11.Http11NioProtocol - Starting ProtocolHandler ["http-nio-8201"]
2023-08-14 16:35:43.143 [restartedMain] INFO  o.s.boot.web.embedded.tomcat.TomcatWebServer - Tomcat started on port(s): 8201 (http) with context path ''
2023-08-14 16:35:43.147 [restartedMain] INFO  com.bryant.hosp.ServiceHospApplication - Started ServiceHospApplication in 11.499 seconds (JVM running for 15.323)
2023-08-14 16:36:35.080 [http-nio-8201-exec-1] INFO  o.a.c.core.ContainerBase.[Tomcat].[localhost].[/] - Initializing Spring DispatcherServlet 'dispatcherServlet'
2023-08-14 16:36:35.081 [http-nio-8201-exec-1] INFO  org.springframework.web.servlet.DispatcherServlet - Initializing Servlet 'dispatcherServlet'
2023-08-14 16:36:35.097 [http-nio-8201-exec-1] INFO  org.springframework.web.servlet.DispatcherServlet - Completed initialization in 16 ms
2023-08-14 16:44:15.068 [http-nio-8201-exec-8] INFO  com.bryant.hosp.controller.HospitalSetController - 分页查询接口调用16:44:15.067
2023-08-14 16:44:15.353 [http-nio-8201-exec-8] INFO  com.zaxxer.hikari.HikariDataSource - HikariPool-1 - Starting...
2023-08-14 16:44:15.728 [http-nio-8201-exec-8] INFO  com.zaxxer.hikari.HikariDataSource - HikariPool-1 - Start completed.
2023-08-14 16:44:42.432 [http-nio-8201-exec-10] INFO  com.bryant.hosp.controller.HospitalSetController - 分页查询接口调用16:44:42.432
2023-08-14 16:46:52.814 [http-nio-8201-exec-2] INFO  com.bryant.hosp.controller.HospitalSetController - 分页查询接口调用16:46:52.814
2023-08-14 16:47:07.701 [http-nio-8201-exec-3] INFO  com.bryant.hosp.controller.HospitalSetController - 分页查询接口调用16:47:07.701
2023-08-14 16:48:44.997 [http-nio-8201-exec-5] INFO  com.bryant.hosp.controller.HospitalSetController - 分页查询接口调用16:48:44.997
2023-08-14 16:50:16.871 [SpringContextShutdownHook] INFO  o.s.scheduling.concurrent.ThreadPoolTaskExecutor - Shutting down ExecutorService 'applicationTaskExecutor'
2023-08-14 16:50:16.876 [SpringContextShutdownHook] INFO  com.zaxxer.hikari.HikariDataSource - HikariPool-1 - Shutdown initiated...
2023-08-14 16:50:16.910 [SpringContextShutdownHook] INFO  com.zaxxer.hikari.HikariDataSource - HikariPool-1 - Shutdown completed.
2023-08-14 16:50:33.179 [restartedMain] INFO  com.bryant.hosp.ServiceHospApplication - Starting ServiceHospApplication on WIN-LPENM40T6V7 with PID 17352 (F:\wenwenFile\springbootProject\newCode\yygh-parent\service\service-hosp\target\classes started by Administrator in F:\wenwenFile\springbootProject\newCode\yygh-parent)
2023-08-14 16:50:33.180 [restartedMain] INFO  com.bryant.hosp.ServiceHospApplication - The following profiles are active: dev
2023-08-14 16:50:33.277 [restartedMain] INFO  o.s.boot.devtools.restart.ChangeableUrls - The Class-Path manifest attribute in D:\maven\repository\org\glassfish\jaxb\jaxb-runtime\2.3.2\jaxb-runtime-2.3.2.jar referenced one or more files that do not exist: file:/D:/maven/repository/org/glassfish/jaxb/jaxb-runtime/2.3.2/jakarta.xml.bind-api-2.3.2.jar,file:/D:/maven/repository/org/glassfish/jaxb/jaxb-runtime/2.3.2/txw2-2.3.2.jar,file:/D:/maven/repository/org/glassfish/jaxb/jaxb-runtime/2.3.2/istack-commons-runtime-3.0.8.jar,file:/D:/maven/repository/org/glassfish/jaxb/jaxb-runtime/2.3.2/stax-ex-1.8.1.jar,file:/D:/maven/repository/org/glassfish/jaxb/jaxb-runtime/2.3.2/FastInfoset-1.2.16.jar,file:/D:/maven/repository/org/glassfish/jaxb/jaxb-runtime/2.3.2/jakarta.activation-api-1.2.1.jar
2023-08-14 16:50:33.277 [restartedMain] INFO  o.s.b.d.env.DevToolsPropertyDefaultsPostProcessor - Devtools property defaults active! Set 'spring.devtools.add-properties' to 'false' to disable
2023-08-14 16:50:33.278 [restartedMain] INFO  o.s.b.d.env.DevToolsPropertyDefaultsPostProcessor - For additional web related logging consider setting the 'logging.level.web' property to 'DEBUG'
2023-08-14 16:50:35.822 [restartedMain] INFO  o.s.d.r.config.RepositoryConfigurationDelegate - Multiple Spring Data modules found, entering strict repository configuration mode!
2023-08-14 16:50:35.825 [restartedMain] INFO  o.s.d.r.config.RepositoryConfigurationDelegate - Bootstrapping Spring Data repositories in DEFAULT mode.
2023-08-14 16:50:35.882 [restartedMain] INFO  o.s.d.r.config.RepositoryConfigurationDelegate - Finished Spring Data repository scanning in 29ms. Found 0 repository interfaces.
2023-08-14 16:50:36.448 [restartedMain] INFO  o.s.c.s.PostProcessorRegistrationDelegate$BeanPostProcessorChecker - Bean 'org.springframework.transaction.annotation.ProxyTransactionManagementConfiguration' of type [org.springframework.transaction.annotation.ProxyTransactionManagementConfiguration] is not eligible for getting processed by all BeanPostProcessors (for example: not eligible for auto-proxying)
2023-08-14 16:50:37.008 [restartedMain] INFO  o.s.boot.web.embedded.tomcat.TomcatWebServer - Tomcat initialized with port(s): 8201 (http)
2023-08-14 16:50:37.036 [restartedMain] INFO  org.apache.coyote.http11.Http11NioProtocol - Initializing ProtocolHandler ["http-nio-8201"]
2023-08-14 16:50:37.037 [restartedMain] INFO  org.apache.catalina.core.StandardService - Starting service [Tomcat]
2023-08-14 16:50:37.038 [restartedMain] INFO  org.apache.catalina.core.StandardEngine - Starting Servlet engine: [Apache Tomcat/9.0.27]
2023-08-14 16:50:37.298 [restartedMain] INFO  o.a.c.core.ContainerBase.[Tomcat].[localhost].[/] - Initializing Spring embedded WebApplicationContext
2023-08-14 16:50:37.299 [restartedMain] INFO  org.springframework.web.context.ContextLoader - Root WebApplicationContext: initialization completed in 4021 ms
2023-08-14 16:50:40.853 [restartedMain] INFO  s.d.s.w.WebMvcPropertySourcedRequestMappingHandlerMapping - Mapped URL path [/v2/api-docs] onto method [springfox.documentation.swagger2.web.Swagger2ControllerWebMvc#getDocumentation(String, HttpServletRequest)]
2023-08-14 16:50:40.990 [restartedMain] INFO  o.s.scheduling.concurrent.ThreadPoolTaskExecutor - Initializing ExecutorService 'applicationTaskExecutor'
2023-08-14 16:50:41.039 [restartedMain] INFO  o.s.b.d.autoconfigure.OptionalLiveReloadServer - LiveReload server is running on port 35729
2023-08-14 16:50:41.593 [restartedMain] INFO  s.d.s.web.plugins.DocumentationPluginsBootstrapper - Documentation plugins bootstrapped
2023-08-14 16:50:41.597 [restartedMain] INFO  s.d.s.web.plugins.DocumentationPluginsBootstrapper - Found 2 custom documentation plugin(s)
2023-08-14 16:50:41.636 [restartedMain] INFO  s.d.spring.web.scanners.ApiListingReferenceScanner - Scanning for api listing references
2023-08-14 16:50:41.871 [restartedMain] INFO  s.d.spring.web.scanners.ApiListingReferenceScanner - Scanning for api listing references
2023-08-14 16:50:41.882 [restartedMain] INFO  org.apache.coyote.http11.Http11NioProtocol - Starting ProtocolHandler ["http-nio-8201"]
2023-08-14 16:50:41.913 [restartedMain] INFO  o.s.boot.web.embedded.tomcat.TomcatWebServer - Tomcat started on port(s): 8201 (http) with context path ''
2023-08-14 16:50:41.918 [restartedMain] INFO  com.bryant.hosp.ServiceHospApplication - Started ServiceHospApplication in 9.901 seconds (JVM running for 13.335)
2023-08-14 16:51:27.851 [http-nio-8201-exec-1] INFO  o.a.c.core.ContainerBase.[Tomcat].[localhost].[/] - Initializing Spring DispatcherServlet 'dispatcherServlet'
2023-08-14 16:51:27.851 [http-nio-8201-exec-1] INFO  org.springframework.web.servlet.DispatcherServlet - Initializing Servlet 'dispatcherServlet'
2023-08-14 16:51:27.862 [http-nio-8201-exec-1] INFO  org.springframework.web.servlet.DispatcherServlet - Completed initialization in 11 ms
2023-08-14 16:51:52.767 [SpringContextShutdownHook] INFO  o.s.scheduling.concurrent.ThreadPoolTaskExecutor - Shutting down ExecutorService 'applicationTaskExecutor'
2023-08-14 16:52:08.752 [restartedMain] INFO  com.bryant.hosp.ServiceHospApplication - Starting ServiceHospApplication on WIN-LPENM40T6V7 with PID 17136 (F:\wenwenFile\springbootProject\newCode\yygh-parent\service\service-hosp\target\classes started by Administrator in F:\wenwenFile\springbootProject\newCode\yygh-parent)
2023-08-14 16:52:08.753 [restartedMain] INFO  com.bryant.hosp.ServiceHospApplication - The following profiles are active: dev
2023-08-14 16:52:08.852 [restartedMain] INFO  o.s.boot.devtools.restart.ChangeableUrls - The Class-Path manifest attribute in D:\maven\repository\org\glassfish\jaxb\jaxb-runtime\2.3.2\jaxb-runtime-2.3.2.jar referenced one or more files that do not exist: file:/D:/maven/repository/org/glassfish/jaxb/jaxb-runtime/2.3.2/jakarta.xml.bind-api-2.3.2.jar,file:/D:/maven/repository/org/glassfish/jaxb/jaxb-runtime/2.3.2/txw2-2.3.2.jar,file:/D:/maven/repository/org/glassfish/jaxb/jaxb-runtime/2.3.2/istack-commons-runtime-3.0.8.jar,file:/D:/maven/repository/org/glassfish/jaxb/jaxb-runtime/2.3.2/stax-ex-1.8.1.jar,file:/D:/maven/repository/org/glassfish/jaxb/jaxb-runtime/2.3.2/FastInfoset-1.2.16.jar,file:/D:/maven/repository/org/glassfish/jaxb/jaxb-runtime/2.3.2/jakarta.activation-api-1.2.1.jar
2023-08-14 16:52:08.853 [restartedMain] INFO  o.s.b.d.env.DevToolsPropertyDefaultsPostProcessor - Devtools property defaults active! Set 'spring.devtools.add-properties' to 'false' to disable
2023-08-14 16:52:08.854 [restartedMain] INFO  o.s.b.d.env.DevToolsPropertyDefaultsPostProcessor - For additional web related logging consider setting the 'logging.level.web' property to 'DEBUG'
2023-08-14 16:52:10.604 [restartedMain] INFO  o.s.d.r.config.RepositoryConfigurationDelegate - Multiple Spring Data modules found, entering strict repository configuration mode!
2023-08-14 16:52:10.608 [restartedMain] INFO  o.s.d.r.config.RepositoryConfigurationDelegate - Bootstrapping Spring Data repositories in DEFAULT mode.
2023-08-14 16:52:10.649 [restartedMain] INFO  o.s.d.r.config.RepositoryConfigurationDelegate - Finished Spring Data repository scanning in 22ms. Found 0 repository interfaces.
2023-08-14 16:52:11.106 [restartedMain] INFO  o.s.c.s.PostProcessorRegistrationDelegate$BeanPostProcessorChecker - Bean 'org.springframework.transaction.annotation.ProxyTransactionManagementConfiguration' of type [org.springframework.transaction.annotation.ProxyTransactionManagementConfiguration] is not eligible for getting processed by all BeanPostProcessors (for example: not eligible for auto-proxying)
2023-08-14 16:52:11.526 [restartedMain] INFO  o.s.boot.web.embedded.tomcat.TomcatWebServer - Tomcat initialized with port(s): 8201 (http)
2023-08-14 16:52:11.541 [restartedMain] INFO  org.apache.coyote.http11.Http11NioProtocol - Initializing ProtocolHandler ["http-nio-8201"]
2023-08-14 16:52:11.542 [restartedMain] INFO  org.apache.catalina.core.StandardService - Starting service [Tomcat]
2023-08-14 16:52:11.543 [restartedMain] INFO  org.apache.catalina.core.StandardEngine - Starting Servlet engine: [Apache Tomcat/9.0.27]
2023-08-14 16:52:11.762 [restartedMain] INFO  o.a.c.core.ContainerBase.[Tomcat].[localhost].[/] - Initializing Spring embedded WebApplicationContext
2023-08-14 16:52:11.763 [restartedMain] INFO  org.springframework.web.context.ContextLoader - Root WebApplicationContext: initialization completed in 2908 ms
2023-08-14 16:52:15.104 [restartedMain] INFO  s.d.s.w.WebMvcPropertySourcedRequestMappingHandlerMapping - Mapped URL path [/v2/api-docs] onto method [springfox.documentation.swagger2.web.Swagger2ControllerWebMvc#getDocumentation(String, HttpServletRequest)]
2023-08-14 16:52:15.248 [restartedMain] INFO  o.s.scheduling.concurrent.ThreadPoolTaskExecutor - Initializing ExecutorService 'applicationTaskExecutor'
2023-08-14 16:52:15.295 [restartedMain] INFO  o.s.b.d.autoconfigure.OptionalLiveReloadServer - LiveReload server is running on port 35729
2023-08-14 16:52:15.844 [restartedMain] INFO  s.d.s.web.plugins.DocumentationPluginsBootstrapper - Documentation plugins bootstrapped
2023-08-14 16:52:15.847 [restartedMain] INFO  s.d.s.web.plugins.DocumentationPluginsBootstrapper - Found 2 custom documentation plugin(s)
2023-08-14 16:52:15.888 [restartedMain] INFO  s.d.spring.web.scanners.ApiListingReferenceScanner - Scanning for api listing references
2023-08-14 16:52:16.101 [restartedMain] INFO  s.d.spring.web.scanners.ApiListingReferenceScanner - Scanning for api listing references
2023-08-14 16:52:16.113 [restartedMain] INFO  org.apache.coyote.http11.Http11NioProtocol - Starting ProtocolHandler ["http-nio-8201"]
2023-08-14 16:52:16.144 [restartedMain] INFO  o.s.boot.web.embedded.tomcat.TomcatWebServer - Tomcat started on port(s): 8201 (http) with context path ''
2023-08-14 16:52:16.149 [restartedMain] INFO  com.bryant.hosp.ServiceHospApplication - Started ServiceHospApplication in 8.487 seconds (JVM running for 11.436)
2023-08-14 16:52:41.619 [http-nio-8201-exec-1] INFO  o.a.c.core.ContainerBase.[Tomcat].[localhost].[/] - Initializing Spring DispatcherServlet 'dispatcherServlet'
2023-08-14 16:52:41.619 [http-nio-8201-exec-1] INFO  org.springframework.web.servlet.DispatcherServlet - Initializing Servlet 'dispatcherServlet'
2023-08-14 16:52:41.630 [http-nio-8201-exec-1] INFO  org.springframework.web.servlet.DispatcherServlet - Completed initialization in 10 ms
2023-08-14 16:52:41.741 [http-nio-8201-exec-1] INFO  com.bryant.hosp.controller.HospitalSetController - 分页查询接口调用16:52:41.741
2023-08-14 16:52:41.883 [http-nio-8201-exec-1] INFO  com.zaxxer.hikari.HikariDataSource - HikariPool-1 - Starting...
2023-08-14 16:52:42.125 [http-nio-8201-exec-1] INFO  com.zaxxer.hikari.HikariDataSource - HikariPool-1 - Start completed.
2023-08-14 16:54:34.068 [http-nio-8201-exec-3] INFO  com.bryant.hosp.controller.HospitalSetController - 分页查询接口调用16:54:34.068
2023-08-14 16:54:41.727 [http-nio-8201-exec-4] INFO  com.bryant.hosp.controller.HospitalSetController - 分页查询接口调用16:54:41.727
2023-08-14 16:55:05.186 [http-nio-8201-exec-5] INFO  com.bryant.hosp.controller.HospitalSetController - 分页查询接口调用16:55:05.186
2023-08-14 17:44:55.705 [http-nio-8201-exec-8] INFO  com.bryant.hosp.controller.HospitalSetController - 分页查询接口调用17:44:55.705
2023-08-14 17:45:01.485 [http-nio-8201-exec-9] INFO  com.bryant.hosp.controller.HospitalSetController - 分页查询接口调用17:45:01.485
2023-08-14 17:45:02.678 [http-nio-8201-exec-1] INFO  com.bryant.hosp.controller.HospitalSetController - 分页查询接口调用17:45:02.678
2023-08-14 17:45:03.174 [http-nio-8201-exec-2] INFO  com.bryant.hosp.controller.HospitalSetController - 分页查询接口调用17:45:03.174
2023-08-14 17:45:03.925 [http-nio-8201-exec-3] INFO  com.bryant.hosp.controller.HospitalSetController - 分页查询接口调用17:45:03.925
2023-08-14 17:45:07.077 [http-nio-8201-exec-4] INFO  com.bryant.hosp.controller.HospitalSetController - 分页查询接口调用17:45:07.077
2023-08-14 17:45:07.535 [http-nio-8201-exec-5] INFO  com.bryant.hosp.controller.HospitalSetController - 分页查询接口调用17:45:07.535
2023-08-14 17:45:08.005 [http-nio-8201-exec-6] INFO  com.bryant.hosp.controller.HospitalSetController - 分页查询接口调用17:45:08.005
2023-08-14 17:45:08.485 [http-nio-8201-exec-7] INFO  com.bryant.hosp.controller.HospitalSetController - 分页查询接口调用17:45:08.485
2023-08-14 17:45:09.204 [http-nio-8201-exec-8] INFO  com.bryant.hosp.controller.HospitalSetController - 分页查询接口调用17:45:09.204
2023-08-14 17:45:22.373 [http-nio-8201-exec-10] INFO  com.bryant.hosp.controller.HospitalSetController - 分页查询接口调用17:45:22.373
2023-08-14 17:45:25.726 [http-nio-8201-exec-1] INFO  com.bryant.hosp.controller.HospitalSetController - 分页查询接口调用17:45:25.726
2023-08-14 17:45:26.434 [http-nio-8201-exec-2] INFO  com.bryant.hosp.controller.HospitalSetController - 分页查询接口调用17:45:26.434
2023-08-14 17:45:26.820 [http-nio-8201-exec-3] INFO  com.bryant.hosp.controller.HospitalSetController - 分页查询接口调用17:45:26.820
2023-08-14 17:45:27.963 [http-nio-8201-exec-4] INFO  com.bryant.hosp.controller.HospitalSetController - 分页查询接口调用17:45:27.963
2023-08-14 17:45:28.466 [http-nio-8201-exec-5] INFO  com.bryant.hosp.controller.HospitalSetController - 分页查询接口调用17:45:28.466
2023-08-14 17:45:40.759 [http-nio-8201-exec-7] INFO  com.bryant.hosp.controller.HospitalSetController - 分页查询接口调用17:45:40.759
2023-08-14 17:45:41.143 [http-nio-8201-exec-8] INFO  com.bryant.hosp.controller.HospitalSetController - 分页查询接口调用17:45:41.143
2023-08-14 17:45:42.559 [http-nio-8201-exec-10] INFO  com.bryant.hosp.controller.HospitalSetController - 分页查询接口调用17:45:42.559
2023-08-14 17:55:18.984 [http-nio-8201-exec-2] INFO  com.bryant.hosp.controller.HospitalSetController - 分页查询接口调用17:55:18.984
2023-08-14 17:55:20.491 [http-nio-8201-exec-3] INFO  com.bryant.hosp.controller.HospitalSetController - 分页查询接口调用17:55:20.491
2023-08-14 17:55:22.603 [http-nio-8201-exec-4] INFO  com.bryant.hosp.controller.HospitalSetController - 分页查询接口调用17:55:22.603
2023-08-14 17:55:26.109 [http-nio-8201-exec-5] INFO  com.bryant.hosp.controller.HospitalSetController - 分页查询接口调用17:55:26.109
2023-08-14 17:57:47.064 [http-nio-8201-exec-7] INFO  com.bryant.hosp.controller.HospitalSetController - 分页查询接口调用17:57:47.064
2023-08-14 17:57:53.539 [http-nio-8201-exec-8] INFO  com.bryant.hosp.controller.HospitalSetController - 分页查询接口调用17:57:53.539
2023-08-14 17:57:56.071 [http-nio-8201-exec-9] INFO  com.bryant.hosp.controller.HospitalSetController - 分页查询接口调用17:57:56.071
2023-08-14 17:58:06.445 [http-nio-8201-exec-10] INFO  com.bryant.hosp.controller.HospitalSetController - 分页查询接口调用17:58:06.445
2023-08-14 17:58:21.414 [http-nio-8201-exec-1] INFO  com.bryant.hosp.controller.HospitalSetController - 分页查询接口调用17:58:21.414
2023-08-14 17:59:04.387 [http-nio-8201-exec-2] INFO  com.bryant.hosp.controller.HospitalSetController - 分页查询接口调用17:59:04.387
2023-08-14 17:59:15.996 [http-nio-8201-exec-3] INFO  com.bryant.hosp.controller.HospitalSetController - 分页查询接口调用17:59:15.996
2023-08-14 17:59:36.975 [http-nio-8201-exec-4] INFO  com.bryant.hosp.controller.HospitalSetController - 分页查询接口调用17:59:36.975
2023-08-14 17:59:40.770 [http-nio-8201-exec-5] INFO  com.bryant.hosp.controller.HospitalSetController - 分页查询接口调用17:59:40.770
2023-08-14 17:59:43.302 [http-nio-8201-exec-6] INFO  com.bryant.hosp.controller.HospitalSetController - 分页查询接口调用17:59:43.302
2023-08-14 18:00:37.002 [http-nio-8201-exec-7] INFO  com.bryant.hosp.controller.HospitalSetController - 分页查询接口调用18:00:37.002
2023-08-14 18:00:45.967 [http-nio-8201-exec-8] INFO  com.bryant.hosp.controller.HospitalSetController - 分页查询接口调用18:00:45.967
2023-08-14 18:00:46.757 [http-nio-8201-exec-9] INFO  com.bryant.hosp.controller.HospitalSetController - 分页查询接口调用18:00:46.757
2023-08-14 18:01:55.747 [http-nio-8201-exec-1] INFO  com.bryant.hosp.controller.HospitalSetController - 分页查询接口调用18:01:55.747
2023-08-14 18:02:00.532 [http-nio-8201-exec-2] INFO  com.bryant.hosp.controller.HospitalSetController - 分页查询接口调用18:02:00.532
2023-08-14 18:07:38.481 [http-nio-8201-exec-4] INFO  com.bryant.hosp.controller.HospitalSetController - 分页查询接口调用18:07:38.480
2023-08-14 18:13:55.400 [http-nio-8201-exec-6] INFO  com.bryant.hosp.controller.HospitalSetController - 分页查询接口调用18:13:55.400
2023-08-14 18:21:01.495 [http-nio-8201-exec-9] INFO  com.bryant.hosp.controller.HospitalSetController - 分页查询接口调用18:21:01.495
2023-08-14 18:22:18.897 [http-nio-8201-exec-1] INFO  com.bryant.hosp.controller.HospitalSetController - 分页查询接口调用18:22:18.897
2023-08-14 18:22:20.491 [http-nio-8201-exec-3] INFO  com.bryant.hosp.controller.HospitalSetController - 分页查询接口调用18:22:20.491
2023-08-14 18:22:21.967 [http-nio-8201-exec-4] INFO  com.bryant.hosp.controller.HospitalSetController - 分页查询接口调用18:22:21.967
2023-08-14 18:22:25.735 [http-nio-8201-exec-5] INFO  com.bryant.hosp.controller.HospitalSetController - 分页查询接口调用18:22:25.735
2023-08-14 18:22:26.702 [http-nio-8201-exec-6] INFO  com.bryant.hosp.controller.HospitalSetController - 分页查询接口调用18:22:26.701
2023-08-14 18:22:28.108 [http-nio-8201-exec-7] INFO  com.bryant.hosp.controller.HospitalSetController - 分页查询接口调用18:22:28.108
2023-08-14 18:22:28.854 [http-nio-8201-exec-8] INFO  com.bryant.hosp.controller.HospitalSetController - 分页查询接口调用18:22:28.854
2023-08-14 18:22:29.780 [http-nio-8201-exec-9] INFO  com.bryant.hosp.controller.HospitalSetController - 分页查询接口调用18:22:29.780
2023-08-14 18:22:30.480 [http-nio-8201-exec-10] INFO  com.bryant.hosp.controller.HospitalSetController - 分页查询接口调用18:22:30.480
2023-08-14 18:22:31.430 [http-nio-8201-exec-1] INFO  com.bryant.hosp.controller.HospitalSetController - 分页查询接口调用18:22:31.430
2023-08-14 18:22:32.700 [http-nio-8201-exec-2] INFO  com.bryant.hosp.controller.HospitalSetController - 分页查询接口调用18:22:32.700
2023-08-14 18:22:40.877 [http-nio-8201-exec-3] INFO  com.bryant.hosp.controller.HospitalSetController - 分页查询接口调用18:22:40.877
2023-08-14 18:22:50.832 [http-nio-8201-exec-4] INFO  com.bryant.hosp.controller.HospitalSetController - 分页查询接口调用18:22:50.832
2023-08-14 18:25:01.225 [http-nio-8201-exec-6] INFO  com.bryant.hosp.controller.HospitalSetController - 分页查询接口调用18:25:01.225
2023-08-14 18:25:03.993 [http-nio-8201-exec-7] INFO  com.bryant.hosp.controller.HospitalSetController - 分页查询接口调用18:25:03.993
2023-08-14 18:28:20.116 [http-nio-8201-exec-9] INFO  com.bryant.hosp.controller.HospitalSetController - 分页查询接口调用18:28:20.116
2023-08-14 18:28:25.169 [http-nio-8201-exec-10] INFO  com.bryant.hosp.controller.HospitalSetController - 分页查询接口调用18:28:25.169
2023-08-14 18:28:26.290 [http-nio-8201-exec-1] INFO  com.bryant.hosp.controller.HospitalSetController - 分页查询接口调用18:28:26.290
2023-08-14 18:28:39.809 [http-nio-8201-exec-2] INFO  com.bryant.hosp.controller.HospitalSetController - 分页查询接口调用18:28:39.809
2023-08-14 18:31:07.517 [http-nio-8201-exec-4] INFO  com.bryant.hosp.controller.HospitalSetController - 分页查询接口调用18:31:07.517
2023-08-14 18:31:46.004 [http-nio-8201-exec-5] INFO  com.bryant.hosp.controller.HospitalSetController - 分页查询接口调用18:31:46.004
2023-08-14 18:31:51.047 [http-nio-8201-exec-6] INFO  com.bryant.hosp.controller.HospitalSetController - 分页查询接口调用18:31:51.047
2023-08-14 18:31:52.673 [http-nio-8201-exec-7] INFO  com.bryant.hosp.controller.HospitalSetController - 分页查询接口调用18:31:52.673
2023-08-14 18:31:53.553 [http-nio-8201-exec-8] INFO  com.bryant.hosp.controller.HospitalSetController - 分页查询接口调用18:31:53.553
2023-08-14 18:32:14.391 [http-nio-8201-exec-10] INFO  com.bryant.hosp.controller.HospitalSetController - 分页查询接口调用18:32:14.391
2023-08-14 18:32:19.536 [http-nio-8201-exec-1] INFO  com.bryant.hosp.controller.HospitalSetController - 分页查询接口调用18:32:19.536
2023-08-14 18:32:22.975 [http-nio-8201-exec-2] INFO  com.bryant.hosp.controller.HospitalSetController - 分页查询接口调用18:32:22.975
2023-08-14 18:32:47.322 [http-nio-8201-exec-3] INFO  com.bryant.hosp.controller.HospitalSetController - 分页查询接口调用18:32:47.322
2023-08-14 18:34:01.870 [http-nio-8201-exec-5] INFO  com.bryant.hosp.controller.HospitalSetController - 分页查询接口调用18:34:01.870
2023-08-14 18:34:10.353 [http-nio-8201-exec-6] INFO  com.bryant.hosp.controller.HospitalSetController - 分页查询接口调用18:34:10.353
2023-08-14 18:34:23.536 [http-nio-8201-exec-7] INFO  com.bryant.hosp.controller.HospitalSetController - 分页查询接口调用18:34:23.536
2023-08-14 18:36:27.913 [http-nio-8201-exec-9] INFO  com.bryant.hosp.controller.HospitalSetController - 分页查询接口调用18:36:27.913
2023-08-14 18:36:33.016 [http-nio-8201-exec-10] INFO  com.bryant.hosp.controller.HospitalSetController - 分页查询接口调用18:36:33.016
2023-08-14 18:36:33.997 [http-nio-8201-exec-1] INFO  com.bryant.hosp.controller.HospitalSetController - 分页查询接口调用18:36:33.997
2023-08-14 18:37:28.542 [http-nio-8201-exec-2] INFO  com.bryant.hosp.controller.HospitalSetController - 分页查询接口调用18:37:28.542
2023-08-14 18:37:33.688 [http-nio-8201-exec-3] INFO  com.bryant.hosp.controller.HospitalSetController - 分页查询接口调用18:37:33.688
2023-08-14 18:37:34.527 [http-nio-8201-exec-4] INFO  com.bryant.hosp.controller.HospitalSetController - 分页查询接口调用18:37:34.527
2023-08-14 20:04:53.095 [http-nio-8201-exec-6] INFO  com.bryant.hosp.controller.HospitalSetController - 分页查询接口调用20:04:53.095
